<?xml version="1.0" encoding="UTF-8"?>
<!-- Generated by org.testng.reporters.JUnitReportReporter -->
<testsuite hostname="LAPTOP-HEPN219V" failures="0" tests="2" name="Runner_cs.run_test" time="42.684" errors="0" timestamp="8 Nov 2022 05:17:20 GMT">
  <testcase classname="Runner_cs.run_test" name="runScenario" time="22.963"/>
  <testcase classname="Runner_cs.run_test" name="runScenario" time="19.721"/>
</testsuite> <!-- Runner_cs.run_test -->
