<?xml version="1.0" encoding="UTF-8"?>
<!-- Generated by org.testng.reporters.JUnitReportReporter -->
<testsuite hostname="LAPTOP-HEPN219V" failures="0" tests="2" name="Runner_cs.run_test" time="34.935" errors="0" timestamp="8 Nov 2022 05:15:34 GMT">
  <testcase classname="Runner_cs.run_test" name="runScenario" time="17.927"/>
  <testcase classname="Runner_cs.run_test" name="runScenario" time="17.008"/>
</testsuite> <!-- Runner_cs.run_test -->
